◇ injected env (4) from .env // tip: ◈ encrypted .env [www.dotenvx.com]
◇ injected env (0) from .env // tip: ⌘ suppress logs { quiet: true }
Firebase Admin successfully connected!
◇ injected env (0) from .env // tip: ⌘ custom filepath { path: '/custom/path/.env' }
TruthLens AI Backend running on port 5000
Starting analysis pipeline for video/mp4 (1429335 bytes)
Extracting frames from video buffer...
Extracted 12 frame(s) for video analysis.
Analyzing 12 frames with VLM...
Starting analysis pipeline for video/mpeg (8108567 bytes)
Extracting frames from video buffer...
Extracted 24 frame(s) for video analysis.
Analyzing 24 frames with VLM...
Starting analysis pipeline for video/mpeg (8778260 bytes)
Extracting frames from video buffer...
Extracted 24 frame(s) for video analysis.
Analyzing 24 frames with VLM...
Starting analysis pipeline for video/mp4 (5184072 bytes)
Extracting frames from video buffer...
Extracted 18 frame(s) for video analysis.
Analyzing 18 frames with VLM...
